c:\users\user1\documents\byu-idaho\winter 2021\cse 230\artillery-sim\x64\debug\vc142.pdb
c:\users\user1\documents\byu-idaho\winter 2021\cse 230\artillery-sim\x64\debug\vc142.idb
c:\users\user1\documents\byu-idaho\winter 2021\cse 230\artillery-sim\x64\debug\uiinteract.obj
c:\users\user1\documents\byu-idaho\winter 2021\cse 230\artillery-sim\x64\debug\uidraw.obj
c:\users\user1\documents\byu-idaho\winter 2021\cse 230\artillery-sim\x64\debug\test.obj
c:\users\user1\documents\byu-idaho\winter 2021\cse 230\artillery-sim\x64\debug\position.obj
c:\users\user1\documents\byu-idaho\winter 2021\cse 230\artillery-sim\x64\debug\lab08.obj
c:\users\user1\documents\byu-idaho\winter 2021\cse 230\artillery-sim\x64\debug\howitzer.obj
c:\users\user1\documents\byu-idaho\winter 2021\cse 230\artillery-sim\x64\debug\ground.obj
c:\users\user1\documents\byu-idaho\winter 2021\cse 230\artillery-sim\x64\debug\artillery.obj
c:\users\user1\documents\byu-idaho\winter 2021\cse 230\artillery-sim\x64\debug\velocity.obj
c:\users\user1\documents\byu-idaho\winter 2021\cse 230\artillery-sim\x64\debug\lab08.pdb
c:\users\user1\documents\byu-idaho\winter 2021\cse 230\artillery-sim\x64\debug\lab08.tlog\cl.command.1.tlog
c:\users\user1\documents\byu-idaho\winter 2021\cse 230\artillery-sim\x64\debug\lab08.tlog\cl.read.1.tlog
c:\users\user1\documents\byu-idaho\winter 2021\cse 230\artillery-sim\x64\debug\lab08.tlog\cl.write.1.tlog
c:\users\user1\documents\byu-idaho\winter 2021\cse 230\artillery-sim\x64\debug\lab08.tlog\link-cvtres.read.1.tlog
c:\users\user1\documents\byu-idaho\winter 2021\cse 230\artillery-sim\x64\debug\lab08.tlog\link-cvtres.write.1.tlog
c:\users\user1\documents\byu-idaho\winter 2021\cse 230\artillery-sim\x64\debug\lab08.tlog\link-rc.read.1.tlog
c:\users\user1\documents\byu-idaho\winter 2021\cse 230\artillery-sim\x64\debug\lab08.tlog\link-rc.write.1.tlog
c:\users\user1\documents\byu-idaho\winter 2021\cse 230\artillery-sim\x64\debug\lab08.tlog\link.command.1.tlog
c:\users\user1\documents\byu-idaho\winter 2021\cse 230\artillery-sim\x64\debug\lab08.tlog\link.read.1.tlog
c:\users\user1\documents\byu-idaho\winter 2021\cse 230\artillery-sim\x64\debug\lab08.tlog\link.write.1.tlog
